source {C:\Users\user\Documents\z80handheld\z80handheld\z80handheld.region}
 unit um
source {C:/Users/user/Documents/z80handheld/z80handheld/~z80handheld.do}
 tax via 0.5
 toggle_direction off
 fanout 5
 route 20 1
 clean 2
 filter 5
 recorner diagonal
 report status

____________________________________________________________________________________________
ELECTRA Version  10.09
Design        = C:/Users/user/Documents/z80handheld/z80handheld/z80handheld.dsn
Report Time   = 22:22:43
Nets          =      147
Components    =      140
Connections   =      713
Vias          =      328
Routed Length = 13903263.4 um
Signal Layers =        2
Power Layers  =        0
Total Pins    =      860
Completion    =  100.00%
Unroutes      =        0
Routing Time  = 00:00:14

____________________________________________________________________________________________
|     |          |        |        |        |        |        |        |         |         |
|  #  |   Pass   | Shorts |DRC Errs|Failures|Unroutes|  Vias  |  Reduc |  Time   |  Total  |
|_____|__________|________|________|________|________|________|________|_________|_________|
|    1| Fanout   |       0|       0|       0|     713|     364|        |  0:00:00|  0:00:00|
|    2| Route    |     591|       0|       0|       0|     185|       0|  0:00:02|  0:00:02|
|    3| Route    |     267|       0|       2|     174|     240|      54|  0:00:02|  0:00:04|
|    4| Route    |     140|       0|       1|     213|     265|      47|  0:00:02|  0:00:06|
|    5| Route    |      29|       0|       2|     218|     333|      79|  0:00:02|  0:00:08|
|    6| Route    |       9|       0|       0|       4|     382|      68|  0:00:00|  0:00:08|
|    7| Route    |       1|       0|       0|       4|     390|      88|  0:00:01|  0:00:09|
|    8| Route    |       0|       0|       0|       4|     390|     100|  0:00:00|  0:00:09|
|    9| Route    |       0|       0|       0|       4|     390|       0|  0:00:00|  0:00:09|
|   10| Route    |       0|       0|       0|       4|     390|       0|  0:00:00|  0:00:09|
|   11| Route    |       0|       0|       0|       4|     390|       0|  0:00:00|  0:00:09|
|   12| Route    |       0|       0|       0|       4|     390|       0|  0:00:00|  0:00:09|
|   13| Route    |       0|       0|       0|       4|     390|       0|  0:00:00|  0:00:09|
|   14| Route    |       0|       0|       0|       4|     390|       0|  0:00:00|  0:00:09|
|   15| Route    |       0|       0|       0|       4|     390|       0|  0:00:00|  0:00:09|
|   16| Route    |       0|       0|       0|       4|     390|       0|  0:00:00|  0:00:09|
|   17| Route    |       0|       0|       0|       4|     390|       0|  0:00:00|  0:00:09|
|   18| Route    |       0|       0|       0|       4|     390|       0|  0:00:00|  0:00:09|
|   19| Route    |       0|       0|       0|       4|     390|       0|  0:00:00|  0:00:09|
|   20| Route    |       0|       0|       0|       4|     390|       0|  0:00:00|  0:00:09|
|   21| Route    |       0|       0|       0|       0|     390|       0|  0:00:00|  0:00:09|
|   22| Clean    |       0|       0|       1|       1|     350|        |  0:00:02|  0:00:11|
|   23| Clean    |       0|       0|       0|       0|     328|        |  0:00:02|  0:00:13|
|   24| Filter   |       0|       0|       0|       0|     328|       0|  0:00:00|  0:00:13|
|   25| Recorner |       0|       0|       0|       0|       0|        |  0:00:00|  0:00:13|
|     |          |        |        |        |        |        |        |         |         |
|  #  |   Pass   | Shorts |DRC Errs|Failures|Unroutes|  Vias  |  Reduc |  Time   |  Total  |
|_____|__________|________|________|________|________|________|________|_________|_________|
________
ELECTRA Version  10.09
Design        = C:/Users/user/Documents/z80handheld/z80handheld/z80handheld.dsn
Report Time   = 20:21:11
Nets          =      147
Components    =      140
Connections   =      713
Vias          =      348
Routed Length = 13915890.8 um
Signal Layers =        2
Power Layers  =        0
Total Pins    =      860
Completion    =   99.72%
Unroutes      =        2
Routing Time  = 00:00:15

____________________________________________________________________________________________
|     |          |        |        |        |        |        |        |         |         |
|  #  |   Pass   | Shorts |DRC Errs|Failures|Unroutes|  Vias  |  Reduc |  Time   |  Total  |
|_____|__________|________|________|________|________|________|________|_________|_________|
|    1| Fanout   |       0|       0|       0|     713|     364|        |  0:00:00|  0:00:00|
|    2| Route    |     605|       0|       0|       0|     180|       0|  0:00:01|  0:00:01|
|    3| Route    |     296|       0|       1|     175|     243|      51|  0:00:02|  0:00:03|
|    4| Route    |     153|       0|       1|     215|     281|      48|  0:00:02|  0:00:05|
|    5| Route    |      27|       0|       1|     223|     364|      82|  0:00:03|  0:00:08|
|    6| Route    |       2|       0|       1|       2|     413|      92|  0:00:00|  0:00:08|
|    7| Route    |       1|       0|       0|       2|     410|      50|  0:00:00|  0:00:08|
|    8| Route    |       0|       0|       0|       2|     411|     100|  0:00:00|  0:00:08|
|    9| Route    |       0|       0|       0|       2|     411|       0|  0:00:00|  0:00:08|
|   10| Route    |       0|       0|       0|       2|     411|       0|  0:00:00|  0:00:08|
|   11| Route    |       0|       0|       0|       2|     411|       0|  0:00:00|  0:00:08|
|   12| Route    |       0|       0|       0|       2|     411|       0|  0:00:00|  0:00:08|
|   13| Route    |       0|       0|       0|       2|     411|       0|  0:00:00|  0:00:08|
|   14| Route    |       0|       0|       0|       2|     411|       0|  0:00:00|  0:00:08|
|   15| Route    |       0|       0|       0|       2|     411|       0|  0:00:00|  0:00:08|
|   16| Route    |       0|       0|       0|       2|     411|       0|  0:00:00|  0:00:08|
|   17| Route    |       0|       0|       0|       2|     411|       0|  0:00:00|  0:00:08|
|   18| Route    |       0|       0|       0|       2|     411|       0|  0:00:00|  0:00:08|
|   19| Route    |       0|       0|       0|       2|     411|       0|  0:00:00|  0:00:08|
|   20| Route    |       0|       0|       0|       2|     411|       0|  0:00:00|  0:00:08|
|   21| Route    |       0|       0|       0|       0|     411|       0|  0:00:00|  0:00:08|
|   22| Clean    |       0|       0|       0|       1|     359|        |  0:00:02|  0:00:10|
|   23| Clean    |       0|       0|       0|       0|     348|        |  0:00:01|  0:00:11|
|   24| Filter   |       0|       0|       0|       2|     348|       0|  0:00:00|  0:00:11|
|   25| Recorner |       0|       0|       0|       2|       0|        |  0:00:01|  0:00:12|
|     |          |        |        |        |        |        |        |         |         |
|  #  |   Pass   | Shorts |DRC Errs|Failures|Unroutes|  Vias  |  Reduc |  Time   |  Total  |
|_____|__________|________|________|________|________|________|________|_________|_________|
